<?xml version="1.0" encoding="UTF-8"?>
<!-- Generated by org.testng.reporters.JUnitReportReporter -->
<testsuite skipped="0" hostname="DESKTOP-S3ACQ4A" name="com.SelMiniProj.testCases.TC_LoginTest_01" tests="1" failures="0" timestamp="30 May 2020 18:21:20 GMT" time="0.498" errors="0">
  <testcase name="loginTest" time="0.498" classname="com.SelMiniProj.testCases.TC_LoginTest_01"/>
</testsuite> <!-- com.SelMiniProj.testCases.TC_LoginTest_01 -->
