<?xml version="1.0" encoding="UTF-8"?>
<!-- Generated by org.testng.reporters.JUnitReportReporter -->
<testsuite skipped="0" hostname="DESKTOP-S3ACQ4A" name="com.SelMiniProj.testCases.TC_LoginDDT_002" tests="5" failures="0" timestamp="05 Jun 2020 22:01:59 GMT" time="1.968" errors="0">
  <testcase name="loginDDT" time="0.375" classname="com.SelMiniProj.testCases.TC_LoginDDT_002"/>
  <testcase name="loginDDT" time="0.316" classname="com.SelMiniProj.testCases.TC_LoginDDT_002"/>
  <testcase name="loginDDT" time="0.484" classname="com.SelMiniProj.testCases.TC_LoginDDT_002"/>
  <testcase name="loginDDT" time="0.359" classname="com.SelMiniProj.testCases.TC_LoginDDT_002"/>
  <testcase name="loginDDT" time="0.434" classname="com.SelMiniProj.testCases.TC_LoginDDT_002"/>
</testsuite> <!-- com.SelMiniProj.testCases.TC_LoginDDT_002 -->
